<?xml version="1.0" encoding="UTF-8"?>
<testsuite xmlns:xsi="http://www.w3.org/2001/XMLSchema-instance" xsi:noNamespaceSchemaLocation="https://maven.apache.org/surefire/maven-surefire-plugin/xsd/surefire-test-report-3.0.xsd" version="3.0" name="com.junit.basic.StringUtilsTest" time="0.025" tests="14" errors="0" skipped="0" failures="0">
  <properties>
    <property name="java.specification.version" value="24"/>
    <property name="sun.cpu.isalist" value="amd64"/>
    <property name="sun.jnu.encoding" value="Cp1252"/>
    <property name="java.class.path" value="c:\Users\saika\OneDrive\Desktop\Cognizant\Digital-Nuture-4.0-JavaFSE\Week-2_TDD using JUnit5 and Mockito\Exercise 2 Writing Basic JUnit Tests\BasicJUnitTestsExample\target\test-classes;c:\Users\saika\OneDrive\Desktop\Cognizant\Digital-Nuture-4.0-JavaFSE\Week-2_TDD using JUnit5 and Mockito\Exercise 2 Writing Basic JUnit Tests\BasicJUnitTestsExample\target\classes;C:\Users\saika\.m2\repository\junit\junit\4.13.2\junit-4.13.2.jar;C:\Users\saika\.m2\repository\org\hamcrest\hamcrest-core\1.3\hamcrest-core-1.3.jar;"/>
    <property name="java.vm.vendor" value="Eclipse Adoptium"/>
    <property name="sun.arch.data.model" value="64"/>
    <property name="user.variant" value=""/>
    <property name="java.vendor.url" value="https://adoptium.net/"/>
    <property name="user.timezone" value="Asia/Calcutta"/>
    <property name="os.name" value="Windows 11"/>
    <property name="java.vm.specification.version" value="24"/>
    <property name="sun.java.launcher" value="SUN_STANDARD"/>
    <property name="user.country" value="IN"/>
    <property name="sun.boot.library.path" value="C:\Users\saika\AppData\Roaming\Code\User\globalStorage\pleiades.java-extension-pack-jdk\java\latest\bin"/>
    <property name="sun.java.command" value="C:\Users\saika\AppData\Local\Temp\surefire14993775666212706071\surefirebooter-20250625192432952_3.jar C:\Users\saika\AppData\Local\Temp\surefire14993775666212706071 2025-06-25T19-24-32_793-jvmRun1 surefire-20250625192432952_1tmp surefire_0-20250625192432952_2tmp"/>
    <property name="jdk.debug" value="release"/>
    <property name="surefire.test.class.path" value="c:\Users\saika\OneDrive\Desktop\Cognizant\Digital-Nuture-4.0-JavaFSE\Week-2_TDD using JUnit5 and Mockito\Exercise 2 Writing Basic JUnit Tests\BasicJUnitTestsExample\target\test-classes;c:\Users\saika\OneDrive\Desktop\Cognizant\Digital-Nuture-4.0-JavaFSE\Week-2_TDD using JUnit5 and Mockito\Exercise 2 Writing Basic JUnit Tests\BasicJUnitTestsExample\target\classes;C:\Users\saika\.m2\repository\junit\junit\4.13.2\junit-4.13.2.jar;C:\Users\saika\.m2\repository\org\hamcrest\hamcrest-core\1.3\hamcrest-core-1.3.jar;"/>
    <property name="sun.cpu.endian" value="little"/>
    <property name="user.home" value="C:\Users\saika"/>
    <property name="user.language" value="en"/>
    <property name="java.specification.vendor" value="Oracle Corporation"/>
    <property name="java.version.date" value="2025-04-15"/>
    <property name="java.home" value="C:\Users\saika\AppData\Roaming\Code\User\globalStorage\pleiades.java-extension-pack-jdk\java\latest"/>
    <property name="file.separator" value="\"/>
    <property name="basedir" value="c:\Users\saika\OneDrive\Desktop\Cognizant\Digital-Nuture-4.0-JavaFSE\Week-2_TDD using JUnit5 and Mockito\Exercise 2 Writing Basic JUnit Tests\BasicJUnitTestsExample"/>
    <property name="java.vm.compressedOopsMode" value="32-bit"/>
    <property name="line.separator" value="&#10;"/>
    <property name="java.vm.specification.vendor" value="Oracle Corporation"/>
    <property name="java.specification.name" value="Java Platform API Specification"/>
    <property name="surefire.real.class.path" value="C:\Users\saika\AppData\Local\Temp\surefire14993775666212706071\surefirebooter-20250625192432952_3.jar"/>
    <property name="user.script" value=""/>
    <property name="sun.management.compiler" value="HotSpot 64-Bit Tiered Compilers"/>
    <property name="java.runtime.version" value="24.0.1+9"/>
    <property name="user.name" value="saika"/>
    <property name="stdout.encoding" value="Cp1252"/>
    <property name="path.separator" value=";"/>
    <property name="os.version" value="10.0"/>
    <property name="java.runtime.name" value="OpenJDK Runtime Environment"/>
    <property name="file.encoding" value="UTF-8"/>
    <property name="java.vm.name" value="OpenJDK 64-Bit Server VM"/>
    <property name="java.vendor.version" value="Temurin-24.0.1+9"/>
    <property name="localRepository" value="C:\Users\saika\.m2\repository"/>
    <property name="java.vendor.url.bug" value="https://github.com/adoptium/adoptium-support/issues"/>
    <property name="java.io.tmpdir" value="C:\Users\saika\AppData\Local\Temp\"/>
    <property name="java.version" value="24.0.1"/>
    <property name="user.dir" value="c:\Users\saika\OneDrive\Desktop\Cognizant\Digital-Nuture-4.0-JavaFSE\Week-2_TDD using JUnit5 and Mockito\Exercise 2 Writing Basic JUnit Tests\BasicJUnitTestsExample"/>
    <property name="os.arch" value="amd64"/>
    <property name="java.vm.specification.name" value="Java Virtual Machine Specification"/>
    <property name="sun.os.patch.level" value=""/>
    <property name="native.encoding" value="Cp1252"/>
    <property name="java.library.path" value="C:\Users\saika\AppData\Roaming\Code\User\globalStorage\pleiades.java-extension-pack-jdk\java\latest\bin;C:\WINDOWS\Sun\Java\bin;C:\WINDOWS\system32;C:\WINDOWS;C:\Users\saika\AppData\Roaming\Code\User\globalStorage\pleiades.java-extension-pack-jdk\gradle\latest\bin;C:\Users\saika\AppData\Roaming\Code\User\globalStorage\pleiades.java-extension-pack-jdk\maven\latest\bin;C:\Users\saika\AppData\Roaming\Code\User\globalStorage\pleiades.java-extension-pack-jdk\java\latest\bin;C:\hive\bin;C:\hadoop\bin;C:\hadoop\sbin;C:\Program Files\Java\bin;C:\Program Files\Eclipse Adoptium\jdk-8.0.452.9-hotspot\bin;c:\Users\saika\AppData\Local\Programs\cursor\resources\app\bin;C:\Python\Scripts\;C:\Python\;C:\Windows\System32\Wbem;C:\Windows\System32\WindowsPowerShell\v1.0\;C:\Windows\System32\OpenSSH\;C:\Program Files (x86)\NVIDIA Corporation\PhysX\Common;C:\Program Files\NVIDIA Corporation\NVIDIA NvDLISR;C:\WINDOWS\System32\Wbem;C:\WINDOWS\System32\WindowsPowerShell\v1.0\;C:\WINDOWS\System32\OpenSSH\;C:\Program Files\Git\cmd;C:\Program Files\Git\bin;C:\Program Files\nodejs\;C:\ProgramData\chocolatey\bin;C:\derby\bin;C:\Program Files\Eclipse Adoptium\jdk-11.0.26.4-hotspot\bin;C:\Users\saika\.local\bin;C:\Users\saika\anaconda3;C:\Users\saika\anaconda3\Library\mingw-w64\bin;C:\hadoop\bin;C:\Program Files\MySQL\MySQL Server 5.7\bin;C:\hive\bin;C:\hive\lib;C:\hive\bin;C:\derby\bin;C:\Program Files\Eclipse Adoptium\jdk-8.0.452.9-hotspot\bin;C:\Users\saika\anaconda3\Library\usr\bin;C:\Users\saika\ana;C:\Windows\System32;C:\hadoop\bin;C:\Users\saika\anaconda3;C:\Users\saika\anaconda3\Library\mingw-w64\bin;C:\Users\saika\anaconda3\Library\usr\bin;C:\Users\saika\anaconda3\Library\bin;C:\Users\saika\anaconda3\Scripts;C:\Users\saika\AppData\Local\Microsoft\WindowsApps;C:\Microsoft VS Code\bin;C:\Users\saika\AppData\Roaming\npm;C:\Program Files\JetBrains\PyCharm Community Edition 2024.3.1.1\bin;;C:\Users\saika\AppData\Local\Programs\cursor\resources\app\bin;C:\Users\saika\.cargo\bin;C:\hive\bin;C:\Program Files\Java\bin;C:\Program Files\MySQL\MySQL Server 5.7\bin;;c:\Users\saika\AppData\Roaming\Code\User\globalStorage\github.copilot-chat\debugCommand;."/>
    <property name="java.vm.info" value="mixed mode, sharing"/>
    <property name="stderr.encoding" value="Cp1252"/>
    <property name="java.vendor" value="Eclipse Adoptium"/>
    <property name="java.vm.version" value="24.0.1+9"/>
    <property name="sun.io.unicode.encoding" value="UnicodeLittle"/>
    <property name="java.class.version" value="68.0"/>
  </properties>
  <testcase name="testIsNumeric" classname="com.junit.basic.StringUtilsTest" time="0.002">
    <system-out><![CDATA[Setting up StringUtils test...
Testing isNumeric method
StringUtils test completed.

]]></system-out>
  </testcase>
  <testcase name="testIsPalindromeWithNull" classname="com.junit.basic.StringUtilsTest" time="0.001">
    <system-out><![CDATA[Setting up StringUtils test...
Testing isPalindrome with null
StringUtils test completed.

]]></system-out>
  </testcase>
  <testcase name="testRemoveExtraSpacesWithNull" classname="com.junit.basic.StringUtilsTest" time="0.002">
    <system-out><![CDATA[Setting up StringUtils test...
Testing removeExtraSpaces with null
StringUtils test completed.

]]></system-out>
  </testcase>
  <testcase name="testCapitalizeWordsWithExtraSpaces" classname="com.junit.basic.StringUtilsTest" time="0.002">
    <system-out><![CDATA[Setting up StringUtils test...
Testing capitalizeWords with extra spaces
StringUtils test completed.

]]></system-out>
  </testcase>
  <testcase name="testCapitalizeWordsWithNull" classname="com.junit.basic.StringUtilsTest" time="0.002">
    <system-out><![CDATA[Setting up StringUtils test...
Testing capitalizeWords with null
StringUtils test completed.

]]></system-out>
  </testcase>
  <testcase name="testCapitalizeWords" classname="com.junit.basic.StringUtilsTest" time="0.003">
    <system-out><![CDATA[Setting up StringUtils test...
Testing capitalizeWords method
StringUtils test completed.

]]></system-out>
  </testcase>
  <testcase name="testCountVowelsWithNull" classname="com.junit.basic.StringUtilsTest" time="0.002">
    <system-out><![CDATA[Setting up StringUtils test...
Testing countVowels with null
StringUtils test completed.

]]></system-out>
  </testcase>
  <testcase name="testIsNumericWithNullAndEmpty" classname="com.junit.basic.StringUtilsTest" time="0.001">
    <system-out><![CDATA[Setting up StringUtils test...
Testing isNumeric with null and empty
StringUtils test completed.

]]></system-out>
  </testcase>
  <testcase name="testIsPalindrome" classname="com.junit.basic.StringUtilsTest" time="0.001">
    <system-out><![CDATA[Setting up StringUtils test...
Testing isPalindrome method
StringUtils test completed.

]]></system-out>
  </testcase>
  <testcase name="testReverse" classname="com.junit.basic.StringUtilsTest" time="0.002">
    <system-out><![CDATA[Setting up StringUtils test...
Testing reverse method
StringUtils test completed.

]]></system-out>
  </testcase>
  <testcase name="testEdgeCases" classname="com.junit.basic.StringUtilsTest" time="0.002">
    <system-out><![CDATA[Setting up StringUtils test...
Testing edge cases
StringUtils test completed.

]]></system-out>
  </testcase>
  <testcase name="testRemoveExtraSpaces" classname="com.junit.basic.StringUtilsTest" time="0.001">
    <system-out><![CDATA[Setting up StringUtils test...
Testing removeExtraSpaces method
StringUtils test completed.

]]></system-out>
  </testcase>
  <testcase name="testCountVowels" classname="com.junit.basic.StringUtilsTest" time="0">
    <system-out><![CDATA[Setting up StringUtils test...
Testing countVowels method
StringUtils test completed.

]]></system-out>
  </testcase>
  <testcase name="testReverseWithNull" classname="com.junit.basic.StringUtilsTest" time="0.002">
    <system-out><![CDATA[Setting up StringUtils test...
Testing reverse with null
StringUtils test completed.

]]></system-out>
  </testcase>
</testsuite>