<?xml version="1.0" encoding="UTF-8"?>
<testsuite xmlns:xsi="http://www.w3.org/2001/XMLSchema-instance" xsi:noNamespaceSchemaLocation="https://maven.apache.org/surefire/maven-surefire-plugin/xsd/surefire-test-report-3.0.xsd" version="3.0" name="com.library.LibraryManagementTest" time="0.853" tests="13" errors="0" skipped="0" failures="0">
  <properties>
    <property name="java.specification.version" value="24"/>
    <property name="sun.cpu.isalist" value="amd64"/>
    <property name="sun.jnu.encoding" value="Cp1252"/>
    <property name="java.class.path" value="c:\Users\saika\OneDrive\Desktop\Cognizant\Digital-Nuture-4.0-JavaFSE\Week-3_Spring Core and Maven\Exercise 1_Configuring a Basic Spring Application\LibraryManagement\target\test-classes;c:\Users\saika\OneDrive\Desktop\Cognizant\Digital-Nuture-4.0-JavaFSE\Week-3_Spring Core and Maven\Exercise 1_Configuring a Basic Spring Application\LibraryManagement\target\classes;C:\Users\saika\.m2\repository\org\springframework\spring-core\5.3.21\spring-core-5.3.21.jar;C:\Users\saika\.m2\repository\org\springframework\spring-jcl\5.3.21\spring-jcl-5.3.21.jar;C:\Users\saika\.m2\repository\org\springframework\spring-context\5.3.21\spring-context-5.3.21.jar;C:\Users\saika\.m2\repository\org\springframework\spring-aop\5.3.21\spring-aop-5.3.21.jar;C:\Users\saika\.m2\repository\org\springframework\spring-beans\5.3.21\spring-beans-5.3.21.jar;C:\Users\saika\.m2\repository\org\springframework\spring-expression\5.3.21\spring-expression-5.3.21.jar;C:\Users\saika\.m2\repository\org\junit\jupiter\junit-jupiter\5.10.0\junit-jupiter-5.10.0.jar;C:\Users\saika\.m2\repository\org\junit\jupiter\junit-jupiter-api\5.10.0\junit-jupiter-api-5.10.0.jar;C:\Users\saika\.m2\repository\org\opentest4j\opentest4j\1.3.0\opentest4j-1.3.0.jar;C:\Users\saika\.m2\repository\org\junit\platform\junit-platform-commons\1.10.0\junit-platform-commons-1.10.0.jar;C:\Users\saika\.m2\repository\org\apiguardian\apiguardian-api\1.1.2\apiguardian-api-1.1.2.jar;C:\Users\saika\.m2\repository\org\junit\jupiter\junit-jupiter-params\5.10.0\junit-jupiter-params-5.10.0.jar;C:\Users\saika\.m2\repository\org\junit\jupiter\junit-jupiter-engine\5.10.0\junit-jupiter-engine-5.10.0.jar;C:\Users\saika\.m2\repository\org\junit\platform\junit-platform-engine\1.10.0\junit-platform-engine-1.10.0.jar;C:\Users\saika\.m2\repository\org\springframework\spring-test\5.3.21\spring-test-5.3.21.jar;C:\Users\saika\.m2\repository\org\slf4j\slf4j-api\1.7.36\slf4j-api-1.7.36.jar;C:\Users\saika\.m2\repository\ch\qos\logback\logback-classic\1.2.12\logback-classic-1.2.12.jar;C:\Users\saika\.m2\repository\ch\qos\logback\logback-core\1.2.12\logback-core-1.2.12.jar;"/>
    <property name="java.vm.vendor" value="Eclipse Adoptium"/>
    <property name="sun.arch.data.model" value="64"/>
    <property name="user.variant" value=""/>
    <property name="java.vendor.url" value="https://adoptium.net/"/>
    <property name="user.timezone" value="Asia/Calcutta"/>
    <property name="os.name" value="Windows 11"/>
    <property name="java.vm.specification.version" value="24"/>
    <property name="sun.java.launcher" value="SUN_STANDARD"/>
    <property name="user.country" value="IN"/>
    <property name="sun.boot.library.path" value="C:\Users\saika\AppData\Roaming\Code\User\globalStorage\pleiades.java-extension-pack-jdk\java\latest\bin"/>
    <property name="sun.java.command" value="C:\Users\saika\AppData\Local\Temp\surefire16943647373426301797\surefirebooter-20250629170805069_3.jar C:\Users\saika\AppData\Local\Temp\surefire16943647373426301797 2025-06-29T17-08-03_886-jvmRun1 surefire-20250629170805069_1tmp surefire_0-20250629170805069_2tmp"/>
    <property name="jdk.debug" value="release"/>
    <property name="surefire.test.class.path" value="c:\Users\saika\OneDrive\Desktop\Cognizant\Digital-Nuture-4.0-JavaFSE\Week-3_Spring Core and Maven\Exercise 1_Configuring a Basic Spring Application\LibraryManagement\target\test-classes;c:\Users\saika\OneDrive\Desktop\Cognizant\Digital-Nuture-4.0-JavaFSE\Week-3_Spring Core and Maven\Exercise 1_Configuring a Basic Spring Application\LibraryManagement\target\classes;C:\Users\saika\.m2\repository\org\springframework\spring-core\5.3.21\spring-core-5.3.21.jar;C:\Users\saika\.m2\repository\org\springframework\spring-jcl\5.3.21\spring-jcl-5.3.21.jar;C:\Users\saika\.m2\repository\org\springframework\spring-context\5.3.21\spring-context-5.3.21.jar;C:\Users\saika\.m2\repository\org\springframework\spring-aop\5.3.21\spring-aop-5.3.21.jar;C:\Users\saika\.m2\repository\org\springframework\spring-beans\5.3.21\spring-beans-5.3.21.jar;C:\Users\saika\.m2\repository\org\springframework\spring-expression\5.3.21\spring-expression-5.3.21.jar;C:\Users\saika\.m2\repository\org\junit\jupiter\junit-jupiter\5.10.0\junit-jupiter-5.10.0.jar;C:\Users\saika\.m2\repository\org\junit\jupiter\junit-jupiter-api\5.10.0\junit-jupiter-api-5.10.0.jar;C:\Users\saika\.m2\repository\org\opentest4j\opentest4j\1.3.0\opentest4j-1.3.0.jar;C:\Users\saika\.m2\repository\org\junit\platform\junit-platform-commons\1.10.0\junit-platform-commons-1.10.0.jar;C:\Users\saika\.m2\repository\org\apiguardian\apiguardian-api\1.1.2\apiguardian-api-1.1.2.jar;C:\Users\saika\.m2\repository\org\junit\jupiter\junit-jupiter-params\5.10.0\junit-jupiter-params-5.10.0.jar;C:\Users\saika\.m2\repository\org\junit\jupiter\junit-jupiter-engine\5.10.0\junit-jupiter-engine-5.10.0.jar;C:\Users\saika\.m2\repository\org\junit\platform\junit-platform-engine\1.10.0\junit-platform-engine-1.10.0.jar;C:\Users\saika\.m2\repository\org\springframework\spring-test\5.3.21\spring-test-5.3.21.jar;C:\Users\saika\.m2\repository\org\slf4j\slf4j-api\1.7.36\slf4j-api-1.7.36.jar;C:\Users\saika\.m2\repository\ch\qos\logback\logback-classic\1.2.12\logback-classic-1.2.12.jar;C:\Users\saika\.m2\repository\ch\qos\logback\logback-core\1.2.12\logback-core-1.2.12.jar;"/>
    <property name="sun.cpu.endian" value="little"/>
    <property name="user.home" value="C:\Users\saika"/>
    <property name="user.language" value="en"/>
    <property name="java.specification.vendor" value="Oracle Corporation"/>
    <property name="java.version.date" value="2025-04-15"/>
    <property name="java.home" value="C:\Users\saika\AppData\Roaming\Code\User\globalStorage\pleiades.java-extension-pack-jdk\java\latest"/>
    <property name="file.separator" value="\"/>
    <property name="basedir" value="c:\Users\saika\OneDrive\Desktop\Cognizant\Digital-Nuture-4.0-JavaFSE\Week-3_Spring Core and Maven\Exercise 1_Configuring a Basic Spring Application\LibraryManagement"/>
    <property name="java.vm.compressedOopsMode" value="32-bit"/>
    <property name="line.separator" value="&#10;"/>
    <property name="java.vm.specification.vendor" value="Oracle Corporation"/>
    <property name="java.specification.name" value="Java Platform API Specification"/>
    <property name="surefire.real.class.path" value="C:\Users\saika\AppData\Local\Temp\surefire16943647373426301797\surefirebooter-20250629170805069_3.jar"/>
    <property name="user.script" value=""/>
    <property name="sun.management.compiler" value="HotSpot 64-Bit Tiered Compilers"/>
    <property name="java.runtime.version" value="24.0.1+9"/>
    <property name="user.name" value="saika"/>
    <property name="stdout.encoding" value="Cp1252"/>
    <property name="path.separator" value=";"/>
    <property name="os.version" value="10.0"/>
    <property name="java.runtime.name" value="OpenJDK Runtime Environment"/>
    <property name="file.encoding" value="UTF-8"/>
    <property name="java.vm.name" value="OpenJDK 64-Bit Server VM"/>
    <property name="java.vendor.version" value="Temurin-24.0.1+9"/>
    <property name="localRepository" value="C:\Users\saika\.m2\repository"/>
    <property name="java.vendor.url.bug" value="https://github.com/adoptium/adoptium-support/issues"/>
    <property name="java.io.tmpdir" value="C:\Users\saika\AppData\Local\Temp\"/>
    <property name="java.version" value="24.0.1"/>
    <property name="user.dir" value="c:\Users\saika\OneDrive\Desktop\Cognizant\Digital-Nuture-4.0-JavaFSE\Week-3_Spring Core and Maven\Exercise 1_Configuring a Basic Spring Application\LibraryManagement"/>
    <property name="os.arch" value="amd64"/>
    <property name="java.vm.specification.name" value="Java Virtual Machine Specification"/>
    <property name="sun.os.patch.level" value=""/>
    <property name="native.encoding" value="Cp1252"/>
    <property name="java.library.path" value="C:\Users\saika\AppData\Roaming\Code\User\globalStorage\pleiades.java-extension-pack-jdk\java\latest\bin;C:\WINDOWS\Sun\Java\bin;C:\WINDOWS\system32;C:\WINDOWS;C:\Users\saika\AppData\Roaming\Code\User\globalStorage\pleiades.java-extension-pack-jdk\gradle\latest\bin;C:\Users\saika\AppData\Roaming\Code\User\globalStorage\pleiades.java-extension-pack-jdk\maven\latest\bin;C:\Users\saika\AppData\Roaming\Code\User\globalStorage\pleiades.java-extension-pack-jdk\java\latest\bin;C:\hive\bin;C:\hadoop\bin;C:\hadoop\sbin;C:\Program Files\Java\bin;C:\Program Files\Eclipse Adoptium\jdk-8.0.452.9-hotspot\bin;c:\Users\saika\AppData\Local\Programs\cursor\resources\app\bin;C:\Python\Scripts\;C:\Python\;C:\Windows\System32\Wbem;C:\Windows\System32\WindowsPowerShell\v1.0\;C:\Windows\System32\OpenSSH\;C:\Program Files (x86)\NVIDIA Corporation\PhysX\Common;C:\Program Files\NVIDIA Corporation\NVIDIA NvDLISR;C:\WINDOWS\System32\Wbem;C:\WINDOWS\System32\WindowsPowerShell\v1.0\;C:\WINDOWS\System32\OpenSSH\;C:\Program Files\Git\cmd;C:\Program Files\Git\bin;C:\Program Files\nodejs\;C:\ProgramData\chocolatey\bin;C:\derby\bin;C:\Program Files\Eclipse Adoptium\jdk-11.0.26.4-hotspot\bin;C:\Users\saika\.local\bin;C:\Users\saika\anaconda3;C:\Users\saika\anaconda3\Library\mingw-w64\bin;C:\hadoop\bin;C:\Program Files\MySQL\MySQL Server 5.7\bin;C:\hive\bin;C:\hive\lib;C:\hive\bin;C:\derby\bin;C:\Program Files\Eclipse Adoptium\jdk-8.0.452.9-hotspot\bin;C:\Users\saika\anaconda3\Library\usr\bin;C:\Users\saika\ana;C:\Windows\System32;C:\hadoop\bin;C:\Users\saika\anaconda3;C:\Users\saika\anaconda3\Library\mingw-w64\bin;C:\Users\saika\anaconda3\Library\usr\bin;C:\Users\saika\anaconda3\Library\bin;C:\Users\saika\anaconda3\Scripts;C:\Users\saika\AppData\Local\Microsoft\WindowsApps;C:\Microsoft VS Code\bin;C:\Users\saika\AppData\Roaming\npm;C:\Program Files\JetBrains\PyCharm Community Edition 2024.3.1.1\bin;;C:\Users\saika\AppData\Local\Programs\cursor\resources\app\bin;C:\Users\saika\.cargo\bin;C:\hive\bin;C:\Program Files\Java\bin;C:\Program Files\MySQL\MySQL Server 5.7\bin;;c:\Users\saika\AppData\Roaming\Code\User\globalStorage\github.copilot-chat\debugCommand;."/>
    <property name="java.vm.info" value="mixed mode, sharing"/>
    <property name="stderr.encoding" value="Cp1252"/>
    <property name="java.vendor" value="Eclipse Adoptium"/>
    <property name="java.vm.version" value="24.0.1+9"/>
    <property name="sun.io.unicode.encoding" value="UnicodeLittle"/>
    <property name="java.class.version" value="68.0"/>
  </properties>
  <testcase name="testLibraryStatistics" classname="com.library.LibraryManagementTest" time="0.451">
    <system-out><![CDATA[17:08:06.562 [main] INFO  c.library.repository.BookRepository - BookRepository initialized
17:08:06.612 [main] INFO  c.library.repository.BookRepository - Repository name set to: Library Database Repository
17:08:06.615 [main] INFO  com.library.service.BookService - BookService initialized
17:08:06.619 [main] INFO  com.library.service.BookService - BookRepository injected into BookService
17:08:06.620 [main] INFO  com.library.service.BookService - Service name set to: Library Book Management Service
17:08:06.644 [main] INFO  com.library.service.BookService - Processing book borrow request for ID: 1
17:08:06.645 [main] INFO  c.library.repository.BookRepository - Saving book: The Great Gatsby
17:08:06.645 [main] INFO  com.library.service.BookService - Book borrowed successfully: The Great Gatsby
]]></system-out>
  </testcase>
  <testcase name="testAddBook" classname="com.library.LibraryManagementTest" time="0.039">
    <system-out><![CDATA[17:08:06.689 [main] INFO  c.library.repository.BookRepository - BookRepository initialized
17:08:06.690 [main] INFO  c.library.repository.BookRepository - Repository name set to: Library Database Repository
17:08:06.692 [main] INFO  com.library.service.BookService - BookService initialized
17:08:06.694 [main] INFO  com.library.service.BookService - BookRepository injected into BookService
17:08:06.694 [main] INFO  com.library.service.BookService - Service name set to: Library Book Management Service
17:08:06.695 [main] INFO  com.library.service.BookService - Adding new book: Test Book by Test Author
17:08:06.695 [main] INFO  c.library.repository.BookRepository - Saving book: Test Book
]]></system-out>
  </testcase>
  <testcase name="testUpdateNonExistentBook" classname="com.library.LibraryManagementTest" time="0.033">
    <system-out><![CDATA[17:08:06.729 [main] INFO  c.library.repository.BookRepository - BookRepository initialized
17:08:06.729 [main] INFO  c.library.repository.BookRepository - Repository name set to: Library Database Repository
17:08:06.730 [main] INFO  com.library.service.BookService - BookService initialized
17:08:06.730 [main] INFO  com.library.service.BookService - BookRepository injected into BookService
17:08:06.731 [main] INFO  com.library.service.BookService - Service name set to: Library Book Management Service
17:08:06.733 [main] INFO  com.library.service.BookService - Updating book with ID: 999
17:08:06.733 [main] ERROR com.library.service.BookService - Cannot update book - book not found with ID: 999
]]></system-out>
  </testcase>
  <testcase name="testBorrowAndReturnBook" classname="com.library.LibraryManagementTest" time="0.028">
    <system-out><![CDATA[17:08:06.756 [main] INFO  c.library.repository.BookRepository - BookRepository initialized
17:08:06.757 [main] INFO  c.library.repository.BookRepository - Repository name set to: Library Database Repository
17:08:06.758 [main] INFO  com.library.service.BookService - BookService initialized
17:08:06.759 [main] INFO  com.library.service.BookService - BookRepository injected into BookService
17:08:06.759 [main] INFO  com.library.service.BookService - Service name set to: Library Book Management Service
17:08:06.760 [main] INFO  com.library.service.BookService - Processing book borrow request for ID: 1
17:08:06.760 [main] INFO  c.library.repository.BookRepository - Saving book: The Great Gatsby
17:08:06.760 [main] INFO  com.library.service.BookService - Book borrowed successfully: The Great Gatsby
17:08:06.761 [main] INFO  com.library.service.BookService - Processing book borrow request for ID: 1
17:08:06.762 [main] WARN  com.library.service.BookService - Book is not available for borrowing: The Great Gatsby
17:08:06.762 [main] INFO  com.library.service.BookService - Processing book return for ID: 1
17:08:06.762 [main] INFO  c.library.repository.BookRepository - Saving book: The Great Gatsby
17:08:06.762 [main] INFO  com.library.service.BookService - Book returned successfully: The Great Gatsby
]]></system-out>
  </testcase>
  <testcase name="testFindBookById" classname="com.library.LibraryManagementTest" time="0.033">
    <system-out><![CDATA[17:08:06.792 [main] INFO  c.library.repository.BookRepository - BookRepository initialized
17:08:06.793 [main] INFO  c.library.repository.BookRepository - Repository name set to: Library Database Repository
17:08:06.793 [main] INFO  com.library.service.BookService - BookService initialized
17:08:06.795 [main] INFO  com.library.service.BookService - BookRepository injected into BookService
17:08:06.795 [main] INFO  com.library.service.BookService - Service name set to: Library Book Management Service
]]></system-out>
  </testcase>
  <testcase name="testGetAllBooks" classname="com.library.LibraryManagementTest" time="0.042">
    <system-out><![CDATA[17:08:06.834 [main] INFO  c.library.repository.BookRepository - BookRepository initialized
17:08:06.836 [main] INFO  c.library.repository.BookRepository - Repository name set to: Library Database Repository
17:08:06.837 [main] INFO  com.library.service.BookService - BookService initialized
17:08:06.838 [main] INFO  com.library.service.BookService - BookRepository injected into BookService
17:08:06.839 [main] INFO  com.library.service.BookService - Service name set to: Library Book Management Service
17:08:06.842 [main] INFO  com.library.service.BookService - Found 5 books
]]></system-out>
  </testcase>
  <testcase name="testUpdateBook" classname="com.library.LibraryManagementTest" time="0.037">
    <system-out><![CDATA[17:08:06.876 [main] INFO  c.library.repository.BookRepository - BookRepository initialized
17:08:06.878 [main] INFO  c.library.repository.BookRepository - Repository name set to: Library Database Repository
17:08:06.878 [main] INFO  com.library.service.BookService - BookService initialized
17:08:06.879 [main] INFO  com.library.service.BookService - BookRepository injected into BookService
17:08:06.879 [main] INFO  com.library.service.BookService - Service name set to: Library Book Management Service
17:08:06.881 [main] INFO  com.library.service.BookService - Updating book with ID: 2
17:08:06.881 [main] INFO  c.library.repository.BookRepository - Saving book: Updated Title
]]></system-out>
  </testcase>
  <testcase name="testSpringContextLoads" classname="com.library.LibraryManagementTest" time="0.017">
    <system-out><![CDATA[17:08:06.899 [main] INFO  c.library.repository.BookRepository - BookRepository initialized
17:08:06.900 [main] INFO  c.library.repository.BookRepository - Repository name set to: Library Database Repository
17:08:06.901 [main] INFO  com.library.service.BookService - BookService initialized
17:08:06.901 [main] INFO  com.library.service.BookService - BookRepository injected into BookService
17:08:06.901 [main] INFO  com.library.service.BookService - Service name set to: Library Book Management Service
]]></system-out>
  </testcase>
  <testcase name="testSearchBooksByTitle" classname="com.library.LibraryManagementTest" time="0.023">
    <system-out><![CDATA[17:08:06.919 [main] INFO  c.library.repository.BookRepository - BookRepository initialized
17:08:06.920 [main] INFO  c.library.repository.BookRepository - Repository name set to: Library Database Repository
17:08:06.920 [main] INFO  com.library.service.BookService - BookService initialized
17:08:06.921 [main] INFO  com.library.service.BookService - BookRepository injected into BookService
17:08:06.921 [main] INFO  com.library.service.BookService - Service name set to: Library Book Management Service
17:08:06.922 [main] INFO  com.library.service.BookService - Searching books by title: Great
]]></system-out>
  </testcase>
  <testcase name="testBeanConfiguration" classname="com.library.LibraryManagementTest" time="0.021">
    <system-out><![CDATA[17:08:06.944 [main] INFO  c.library.repository.BookRepository - BookRepository initialized
17:08:06.945 [main] INFO  c.library.repository.BookRepository - Repository name set to: Library Database Repository
17:08:06.945 [main] INFO  com.library.service.BookService - BookService initialized
17:08:06.946 [main] INFO  com.library.service.BookService - BookRepository injected into BookService
17:08:06.946 [main] INFO  com.library.service.BookService - Service name set to: Library Book Management Service
]]></system-out>
  </testcase>
  <testcase name="testDeleteBook" classname="com.library.LibraryManagementTest" time="0.019">
    <system-out><![CDATA[17:08:06.962 [main] INFO  c.library.repository.BookRepository - BookRepository initialized
17:08:06.963 [main] INFO  c.library.repository.BookRepository - Repository name set to: Library Database Repository
17:08:06.964 [main] INFO  com.library.service.BookService - BookService initialized
17:08:06.965 [main] INFO  com.library.service.BookService - BookRepository injected into BookService
17:08:06.966 [main] INFO  com.library.service.BookService - Service name set to: Library Book Management Service
17:08:06.967 [main] INFO  com.library.service.BookService - Deleting book with ID: 5
17:08:06.967 [main] INFO  c.library.repository.BookRepository - Deleting book with ID: 5
17:08:06.967 [main] INFO  com.library.service.BookService - Book deleted successfully with ID: 5
17:08:06.967 [main] WARN  com.library.service.BookService - Book not found with ID: 5
]]></system-out>
  </testcase>
  <testcase name="testDeleteNonExistentBook" classname="com.library.LibraryManagementTest" time="0.023">
    <system-out><![CDATA[17:08:06.987 [main] INFO  c.library.repository.BookRepository - BookRepository initialized
17:08:06.988 [main] INFO  c.library.repository.BookRepository - Repository name set to: Library Database Repository
17:08:06.989 [main] INFO  com.library.service.BookService - BookService initialized
17:08:06.990 [main] INFO  com.library.service.BookService - BookRepository injected into BookService
17:08:06.990 [main] INFO  com.library.service.BookService - Service name set to: Library Book Management Service
17:08:06.991 [main] INFO  com.library.service.BookService - Deleting book with ID: 999
17:08:06.992 [main] ERROR com.library.service.BookService - Cannot delete book - book not found with ID: 999
]]></system-out>
  </testcase>
  <testcase name="testSearchBooksByAuthor" classname="com.library.LibraryManagementTest" time="0.026">
    <system-out><![CDATA[17:08:07.012 [main] INFO  c.library.repository.BookRepository - BookRepository initialized
17:08:07.013 [main] INFO  c.library.repository.BookRepository - Repository name set to: Library Database Repository
17:08:07.014 [main] INFO  com.library.service.BookService - BookService initialized
17:08:07.014 [main] INFO  com.library.service.BookService - BookRepository injected into BookService
17:08:07.014 [main] INFO  com.library.service.BookService - Service name set to: Library Book Management Service
17:08:07.015 [main] INFO  com.library.service.BookService - Searching books by author: George
]]></system-out>
  </testcase>
</testsuite>