<?xml version="1.0" encoding="UTF-8"?>
<testsuite xmlns:xsi="http://www.w3.org/2001/XMLSchema-instance" xsi:noNamespaceSchemaLocation="https://maven.apache.org/surefire/maven-surefire-plugin/xsd/surefire-test-report-3.0.xsd" version="3.0" name="com.junit.order.OrderedTests" time="0.264" tests="10" errors="0" skipped="0" failures="0">
  <properties>
    <property name="java.specification.version" value="24"/>
    <property name="sun.cpu.isalist" value="amd64"/>
    <property name="sun.jnu.encoding" value="Cp1252"/>
    <property name="java.class.path" value="c:\Users\saika\OneDrive\Desktop\Cognizant\Digital-Nuture-4.0-JavaFSE\Week-2_TDD using JUnit5 and Mockito\2. JUnit_Advanced Testing exercices\Exercise 3 Test Execution Order\OrderedTestsExample\target\test-classes;c:\Users\saika\OneDrive\Desktop\Cognizant\Digital-Nuture-4.0-JavaFSE\Week-2_TDD using JUnit5 and Mockito\2. JUnit_Advanced Testing exercices\Exercise 3 Test Execution Order\OrderedTestsExample\target\classes;C:\Users\saika\.m2\repository\org\junit\jupiter\junit-jupiter\5.10.1\junit-jupiter-5.10.1.jar;C:\Users\saika\.m2\repository\org\junit\jupiter\junit-jupiter-api\5.10.1\junit-jupiter-api-5.10.1.jar;C:\Users\saika\.m2\repository\org\opentest4j\opentest4j\1.3.0\opentest4j-1.3.0.jar;C:\Users\saika\.m2\repository\org\junit\platform\junit-platform-commons\1.10.1\junit-platform-commons-1.10.1.jar;C:\Users\saika\.m2\repository\org\junit\jupiter\junit-jupiter-params\5.10.1\junit-jupiter-params-5.10.1.jar;C:\Users\saika\.m2\repository\org\junit\jupiter\junit-jupiter-engine\5.10.1\junit-jupiter-engine-5.10.1.jar;C:\Users\saika\.m2\repository\org\junit\platform\junit-platform-engine\1.10.1\junit-platform-engine-1.10.1.jar;C:\Users\saika\.m2\repository\org\junit\platform\junit-platform-console\1.10.1\junit-platform-console-1.10.1.jar;C:\Users\saika\.m2\repository\org\junit\platform\junit-platform-reporting\1.10.1\junit-platform-reporting-1.10.1.jar;C:\Users\saika\.m2\repository\org\junit\platform\junit-platform-launcher\1.10.1\junit-platform-launcher-1.10.1.jar;C:\Users\saika\.m2\repository\org\apiguardian\apiguardian-api\1.1.2\apiguardian-api-1.1.2.jar;"/>
    <property name="java.vm.vendor" value="Eclipse Adoptium"/>
    <property name="sun.arch.data.model" value="64"/>
    <property name="user.variant" value=""/>
    <property name="java.vendor.url" value="https://adoptium.net/"/>
    <property name="user.timezone" value="Asia/Calcutta"/>
    <property name="os.name" value="Windows 11"/>
    <property name="java.vm.specification.version" value="24"/>
    <property name="sun.java.launcher" value="SUN_STANDARD"/>
    <property name="user.country" value="IN"/>
    <property name="sun.boot.library.path" value="C:\Users\saika\AppData\Roaming\Code\User\globalStorage\pleiades.java-extension-pack-jdk\java\latest\bin"/>
    <property name="sun.java.command" value="C:\Users\saika\AppData\Local\Temp\surefire16484643927644661433\surefirebooter-20250625202923610_3.jar C:\Users\saika\AppData\Local\Temp\surefire16484643927644661433 2025-06-25T20-29-23_355-jvmRun1 surefire-20250625202923610_1tmp surefire_0-20250625202923610_2tmp"/>
    <property name="jdk.debug" value="release"/>
    <property name="test" value="OrderedTests"/>
    <property name="surefire.test.class.path" value="c:\Users\saika\OneDrive\Desktop\Cognizant\Digital-Nuture-4.0-JavaFSE\Week-2_TDD using JUnit5 and Mockito\2. JUnit_Advanced Testing exercices\Exercise 3 Test Execution Order\OrderedTestsExample\target\test-classes;c:\Users\saika\OneDrive\Desktop\Cognizant\Digital-Nuture-4.0-JavaFSE\Week-2_TDD using JUnit5 and Mockito\2. JUnit_Advanced Testing exercices\Exercise 3 Test Execution Order\OrderedTestsExample\target\classes;C:\Users\saika\.m2\repository\org\junit\jupiter\junit-jupiter\5.10.1\junit-jupiter-5.10.1.jar;C:\Users\saika\.m2\repository\org\junit\jupiter\junit-jupiter-api\5.10.1\junit-jupiter-api-5.10.1.jar;C:\Users\saika\.m2\repository\org\opentest4j\opentest4j\1.3.0\opentest4j-1.3.0.jar;C:\Users\saika\.m2\repository\org\junit\platform\junit-platform-commons\1.10.1\junit-platform-commons-1.10.1.jar;C:\Users\saika\.m2\repository\org\junit\jupiter\junit-jupiter-params\5.10.1\junit-jupiter-params-5.10.1.jar;C:\Users\saika\.m2\repository\org\junit\jupiter\junit-jupiter-engine\5.10.1\junit-jupiter-engine-5.10.1.jar;C:\Users\saika\.m2\repository\org\junit\platform\junit-platform-engine\1.10.1\junit-platform-engine-1.10.1.jar;C:\Users\saika\.m2\repository\org\junit\platform\junit-platform-console\1.10.1\junit-platform-console-1.10.1.jar;C:\Users\saika\.m2\repository\org\junit\platform\junit-platform-reporting\1.10.1\junit-platform-reporting-1.10.1.jar;C:\Users\saika\.m2\repository\org\junit\platform\junit-platform-launcher\1.10.1\junit-platform-launcher-1.10.1.jar;C:\Users\saika\.m2\repository\org\apiguardian\apiguardian-api\1.1.2\apiguardian-api-1.1.2.jar;"/>
    <property name="sun.cpu.endian" value="little"/>
    <property name="user.home" value="C:\Users\saika"/>
    <property name="user.language" value="en"/>
    <property name="java.specification.vendor" value="Oracle Corporation"/>
    <property name="java.version.date" value="2025-04-15"/>
    <property name="java.home" value="C:\Users\saika\AppData\Roaming\Code\User\globalStorage\pleiades.java-extension-pack-jdk\java\latest"/>
    <property name="file.separator" value="\"/>
    <property name="basedir" value="c:\Users\saika\OneDrive\Desktop\Cognizant\Digital-Nuture-4.0-JavaFSE\Week-2_TDD using JUnit5 and Mockito\2. JUnit_Advanced Testing exercices\Exercise 3 Test Execution Order\OrderedTestsExample"/>
    <property name="java.vm.compressedOopsMode" value="32-bit"/>
    <property name="line.separator" value="&#10;"/>
    <property name="java.vm.specification.vendor" value="Oracle Corporation"/>
    <property name="java.specification.name" value="Java Platform API Specification"/>
    <property name="surefire.real.class.path" value="C:\Users\saika\AppData\Local\Temp\surefire16484643927644661433\surefirebooter-20250625202923610_3.jar"/>
    <property name="user.script" value=""/>
    <property name="sun.management.compiler" value="HotSpot 64-Bit Tiered Compilers"/>
    <property name="java.runtime.version" value="24.0.1+9"/>
    <property name="user.name" value="saika"/>
    <property name="stdout.encoding" value="Cp1252"/>
    <property name="path.separator" value=";"/>
    <property name="os.version" value="10.0"/>
    <property name="java.runtime.name" value="OpenJDK Runtime Environment"/>
    <property name="file.encoding" value="UTF-8"/>
    <property name="java.vm.name" value="OpenJDK 64-Bit Server VM"/>
    <property name="java.vendor.version" value="Temurin-24.0.1+9"/>
    <property name="localRepository" value="C:\Users\saika\.m2\repository"/>
    <property name="java.vendor.url.bug" value="https://github.com/adoptium/adoptium-support/issues"/>
    <property name="java.io.tmpdir" value="C:\Users\saika\AppData\Local\Temp\"/>
    <property name="java.version" value="24.0.1"/>
    <property name="user.dir" value="c:\Users\saika\OneDrive\Desktop\Cognizant\Digital-Nuture-4.0-JavaFSE\Week-2_TDD using JUnit5 and Mockito\2. JUnit_Advanced Testing exercices\Exercise 3 Test Execution Order\OrderedTestsExample"/>
    <property name="os.arch" value="amd64"/>
    <property name="java.vm.specification.name" value="Java Virtual Machine Specification"/>
    <property name="sun.os.patch.level" value=""/>
    <property name="native.encoding" value="Cp1252"/>
    <property name="java.library.path" value="C:\Users\saika\AppData\Roaming\Code\User\globalStorage\pleiades.java-extension-pack-jdk\java\latest\bin;C:\WINDOWS\Sun\Java\bin;C:\WINDOWS\system32;C:\WINDOWS;C:\Users\saika\AppData\Roaming\Code\User\globalStorage\pleiades.java-extension-pack-jdk\gradle\latest\bin;C:\Users\saika\AppData\Roaming\Code\User\globalStorage\pleiades.java-extension-pack-jdk\maven\latest\bin;C:\Users\saika\AppData\Roaming\Code\User\globalStorage\pleiades.java-extension-pack-jdk\java\latest\bin;C:\hive\bin;C:\hadoop\bin;C:\hadoop\sbin;C:\Program Files\Java\bin;C:\Program Files\Eclipse Adoptium\jdk-8.0.452.9-hotspot\bin;c:\Users\saika\AppData\Local\Programs\cursor\resources\app\bin;C:\Python\Scripts\;C:\Python\;C:\Windows\System32\Wbem;C:\Windows\System32\WindowsPowerShell\v1.0\;C:\Windows\System32\OpenSSH\;C:\Program Files (x86)\NVIDIA Corporation\PhysX\Common;C:\Program Files\NVIDIA Corporation\NVIDIA NvDLISR;C:\WINDOWS\System32\Wbem;C:\WINDOWS\System32\WindowsPowerShell\v1.0\;C:\WINDOWS\System32\OpenSSH\;C:\Program Files\Git\cmd;C:\Program Files\Git\bin;C:\Program Files\nodejs\;C:\ProgramData\chocolatey\bin;C:\derby\bin;C:\Program Files\Eclipse Adoptium\jdk-11.0.26.4-hotspot\bin;C:\Users\saika\.local\bin;C:\Users\saika\anaconda3;C:\Users\saika\anaconda3\Library\mingw-w64\bin;C:\hadoop\bin;C:\Program Files\MySQL\MySQL Server 5.7\bin;C:\hive\bin;C:\hive\lib;C:\hive\bin;C:\derby\bin;C:\Program Files\Eclipse Adoptium\jdk-8.0.452.9-hotspot\bin;C:\Users\saika\anaconda3\Library\usr\bin;C:\Users\saika\ana;C:\Windows\System32;C:\hadoop\bin;C:\Users\saika\anaconda3;C:\Users\saika\anaconda3\Library\mingw-w64\bin;C:\Users\saika\anaconda3\Library\usr\bin;C:\Users\saika\anaconda3\Library\bin;C:\Users\saika\anaconda3\Scripts;C:\Users\saika\AppData\Local\Microsoft\WindowsApps;C:\Microsoft VS Code\bin;C:\Users\saika\AppData\Roaming\npm;C:\Program Files\JetBrains\PyCharm Community Edition 2024.3.1.1\bin;;C:\Users\saika\AppData\Local\Programs\cursor\resources\app\bin;C:\Users\saika\.cargo\bin;C:\hive\bin;C:\Program Files\Java\bin;C:\Program Files\MySQL\MySQL Server 5.7\bin;;c:\Users\saika\AppData\Roaming\Code\User\globalStorage\github.copilot-chat\debugCommand;."/>
    <property name="java.vm.info" value="mixed mode, sharing"/>
    <property name="stderr.encoding" value="Cp1252"/>
    <property name="java.vendor" value="Eclipse Adoptium"/>
    <property name="java.vm.version" value="24.0.1+9"/>
    <property name="sun.io.unicode.encoding" value="UnicodeLittle"/>
    <property name="java.class.version" value="68.0"/>
  </properties>
  <testcase name="testCreateAccount" classname="com.junit.order.OrderedTests" time="0.079">
    <system-out><![CDATA[=== Starting Ordered Tests ===
Preparing for test...
TEST 1: Creating user account
✓ Account created successfully
Test completed. Current balance: $0.0
---
]]></system-out>
  </testcase>
  <testcase name="testActivateAccount" classname="com.junit.order.OrderedTests" time="0.011">
    <system-out><![CDATA[Preparing for test...
TEST 2: Activating user account
✓ Account activated successfully
Test completed. Current balance: $0.0
---
]]></system-out>
  </testcase>
  <testcase name="testInitialDeposit" classname="com.junit.order.OrderedTests" time="0.009">
    <system-out><![CDATA[Preparing for test...
TEST 3: Making initial deposit
✓ Initial deposit of $1000 completed
Test completed. Current balance: $1000.0
---
]]></system-out>
  </testcase>
  <testcase name="testAdditionalDeposit" classname="com.junit.order.OrderedTests" time="0.005">
    <system-out><![CDATA[Preparing for test...
TEST 4: Making additional deposit
✓ Additional deposit of $500 completed
Test completed. Current balance: $1500.0
---
]]></system-out>
  </testcase>
  <testcase name="testWithdrawal" classname="com.junit.order.OrderedTests" time="0.004">
    <system-out><![CDATA[Preparing for test...
TEST 5: Making withdrawal
✓ Withdrawal of $300 completed
Test completed. Current balance: $1200.0
---
]]></system-out>
  </testcase>
  <testcase name="testSetupSecondAccount" classname="com.junit.order.OrderedTests" time="0.008">
    <system-out><![CDATA[Preparing for test...
TEST 6: Setting up second account for transfer
✓ Second account created and activated
Test completed. Current balance: $1200.0
---
]]></system-out>
  </testcase>
  <testcase name="testTransferMoney" classname="com.junit.order.OrderedTests" time="0.012">
    <system-out><![CDATA[Preparing for test...
TEST 7: Transferring money between accounts
✓ Transfer of $200 completed
Test completed. Current balance: $1000.0
---
]]></system-out>
  </testcase>
  <testcase name="testTransactionHistory" classname="com.junit.order.OrderedTests" time="0.013">
    <system-out><![CDATA[Preparing for test...
TEST 8: Verifying transaction history
✓ Transaction history verified (7 transactions)
Test completed. Current balance: $1000.0
---
]]></system-out>
  </testcase>
  <testcase name="testErrorConditions" classname="com.junit.order.OrderedTests" time="0.011">
    <system-out><![CDATA[Preparing for test...
TEST 9: Testing error conditions
✓ Error conditions tested successfully
Test completed. Current balance: $1000.0
---
]]></system-out>
  </testcase>
  <testcase name="testFinalBalance" classname="com.junit.order.OrderedTests" time="0.004">
    <system-out><![CDATA[Preparing for test...
TEST 10: Final balance verification
✓ Final balance verification completed
  Main account balance: $1000.0
  Second account balance: $200.0
Test completed. Current balance: $1000.0
---
]]></system-out>
  </testcase>
</testsuite>